<?xml version="1.0" encoding="UTF-8"?>
<testsuite name="com.vending.videocontrol.VideoControlApplicationTest" tests="1" skipped="0" failures="0" errors="0" timestamp="2019-12-16T11:23:03" hostname="DESKTOP-Q9V7QP8" time="0.181">
  <properties/>
  <testcase name="contextLoads()" classname="com.vending.videocontrol.VideoControlApplicationTest" time="0.181"/>
  <system-out><![CDATA[12:23:01.072 [Test worker] DEBUG org.springframework.test.context.BootstrapUtils - Instantiating CacheAwareContextLoaderDelegate from class [org.springframework.test.context.cache.DefaultCacheAwareContextLoaderDelegate]
12:23:01.087 [Test worker] DEBUG org.springframework.test.context.BootstrapUtils - Instantiating BootstrapContext using constructor [public org.springframework.test.context.support.DefaultBootstrapContext(java.lang.Class,org.springframework.test.context.CacheAwareContextLoaderDelegate)]
12:23:01.103 [Test worker] DEBUG org.springframework.test.context.BootstrapUtils - Instantiating TestContextBootstrapper for test class [com.vending.videocontrol.VideoControlApplicationTest] from class [org.springframework.boot.test.context.SpringBootTestContextBootstrapper]
12:23:01.119 [Test worker] INFO org.springframework.boot.test.context.SpringBootTestContextBootstrapper - Neither @ContextConfiguration nor @ContextHierarchy found for test class [com.vending.videocontrol.VideoControlApplicationTest], using SpringBootContextLoader
12:23:01.119 [Test worker] DEBUG org.springframework.test.context.support.AbstractContextLoader - Did not detect default resource location for test class [com.vending.videocontrol.VideoControlApplicationTest]: class path resource [com/vending/videocontrol/VideoControlApplicationTest-context.xml] does not exist
12:23:01.119 [Test worker] DEBUG org.springframework.test.context.support.AbstractContextLoader - Did not detect default resource location for test class [com.vending.videocontrol.VideoControlApplicationTest]: class path resource [com/vending/videocontrol/VideoControlApplicationTestContext.groovy] does not exist
12:23:01.119 [Test worker] INFO org.springframework.test.context.support.AbstractContextLoader - Could not detect default resource locations for test class [com.vending.videocontrol.VideoControlApplicationTest]: no resource found for suffixes {-context.xml, Context.groovy}.
12:23:01.119 [Test worker] INFO org.springframework.test.context.support.AnnotationConfigContextLoaderUtils - Could not detect default configuration classes for test class [com.vending.videocontrol.VideoControlApplicationTest]: VideoControlApplicationTest does not declare any static, non-private, non-final, nested classes annotated with @Configuration.
12:23:01.173 [Test worker] DEBUG org.springframework.test.context.support.ActiveProfilesUtils - Could not find an 'annotation declaring class' for annotation type [org.springframework.test.context.ActiveProfiles] and class [com.vending.videocontrol.VideoControlApplicationTest]
12:23:01.236 [Test worker] DEBUG org.springframework.context.annotation.ClassPathScanningCandidateComponentProvider - Identified candidate component class: file [C:\dreamjobs\videocontrol\build\classes\java\main\com\vending\videocontrol\VideoControlApplication.class]
12:23:01.236 [Test worker] INFO org.springframework.boot.test.context.SpringBootTestContextBootstrapper - Found @SpringBootConfiguration com.vending.videocontrol.VideoControlApplication for test class com.vending.videocontrol.VideoControlApplicationTest
12:23:01.319 [Test worker] DEBUG org.springframework.boot.test.context.SpringBootTestContextBootstrapper - @TestExecutionListeners is not present for class [com.vending.videocontrol.VideoControlApplicationTest]: using defaults.
12:23:01.319 [Test worker] INFO org.springframework.boot.test.context.SpringBootTestContextBootstrapper - Loaded default TestExecutionListener class names from location [META-INF/spring.factories]: [org.springframework.boot.test.autoconfigure.restdocs.RestDocsTestExecutionListener, org.springframework.boot.test.autoconfigure.web.client.MockRestServiceServerResetTestExecutionListener, org.springframework.boot.test.autoconfigure.web.servlet.MockMvcPrintOnlyOnFailureTestExecutionListener, org.springframework.boot.test.autoconfigure.web.servlet.WebDriverTestExecutionListener, org.springframework.boot.test.mock.mockito.MockitoTestExecutionListener, org.springframework.boot.test.mock.mockito.ResetMocksTestExecutionListener, org.springframework.test.context.web.ServletTestExecutionListener, org.springframework.test.context.support.DirtiesContextBeforeModesTestExecutionListener, org.springframework.test.context.support.DependencyInjectionTestExecutionListener, org.springframework.test.context.support.DirtiesContextTestExecutionListener, org.springframework.test.context.transaction.TransactionalTestExecutionListener, org.springframework.test.context.jdbc.SqlScriptsTestExecutionListener, org.springframework.test.context.event.EventPublishingTestExecutionListener]
12:23:01.334 [Test worker] INFO org.springframework.boot.test.context.SpringBootTestContextBootstrapper - Using TestExecutionListeners: [org.springframework.test.context.web.ServletTestExecutionListener@28a68816, org.springframework.test.context.support.DirtiesContextBeforeModesTestExecutionListener@330110b4, org.springframework.boot.test.mock.mockito.MockitoTestExecutionListener@6a18fabb, org.springframework.boot.test.autoconfigure.SpringBootDependencyInjectionTestExecutionListener@33626160, org.springframework.test.context.support.DirtiesContextTestExecutionListener@2f98a922, org.springframework.test.context.transaction.TransactionalTestExecutionListener@14a788d5, org.springframework.test.context.jdbc.SqlScriptsTestExecutionListener@39c765d8, org.springframework.test.context.event.EventPublishingTestExecutionListener@190e7ae1, org.springframework.boot.test.autoconfigure.restdocs.RestDocsTestExecutionListener@73b5115b, org.springframework.boot.test.autoconfigure.web.client.MockRestServiceServerResetTestExecutionListener@5b7cded8, org.springframework.boot.test.autoconfigure.web.servlet.MockMvcPrintOnlyOnFailureTestExecutionListener@591799ca, org.springframework.boot.test.autoconfigure.web.servlet.WebDriverTestExecutionListener@33a4297b, org.springframework.boot.test.mock.mockito.ResetMocksTestExecutionListener@6840c99d]
12:23:01.347 [Test worker] DEBUG org.springframework.test.context.support.AbstractDirtiesContextTestExecutionListener - Before test class: context [DefaultTestContext@73e225cc testClass = VideoControlApplicationTest, testInstance = [null], testMethod = [null], testException = [null], mergedContextConfiguration = [WebMergedContextConfiguration@2af35e91 testClass = VideoControlApplicationTest, locations = '{}', classes = '{class com.vending.videocontrol.VideoControlApplication}', contextInitializerClasses = '[]', activeProfiles = '{}', propertySourceLocations = '{}', propertySourceProperties = '{org.springframework.boot.test.context.SpringBootTestContextBootstrapper=true}', contextCustomizers = set[org.springframework.boot.test.autoconfigure.properties.PropertyMappingContextCustomizer@0, org.springframework.boot.test.autoconfigure.web.servlet.WebDriverContextCustomizerFactory$Customizer@5a6805f4, org.springframework.boot.test.context.filter.ExcludeFilterContextCustomizer@26e39811, org.springframework.boot.test.json.DuplicateJsonObjectContextCustomizerFactory$DuplicateJsonObjectContextCustomizer@6186614f, org.springframework.boot.test.mock.mockito.MockitoContextCustomizer@0, org.springframework.boot.test.web.client.TestRestTemplateContextCustomizer@25c10072], resourceBasePath = 'src/main/webapp', contextLoader = 'org.springframework.boot.test.context.SpringBootContextLoader', parent = [null]], attributes = map['org.springframework.test.context.web.ServletTestExecutionListener.activateListener' -> true]], class annotated with @DirtiesContext [false] with mode [null].
12:23:01.372 [Test worker] DEBUG org.springframework.test.context.support.TestPropertySourceUtils - Adding inlined properties to environment: {spring.jmx.enabled=false, org.springframework.boot.test.context.SpringBootTestContextBootstrapper=true, server.port=-1}

  .   ____          _            __ _ _
 /\\ / ___'_ __ _ _(_)_ __  __ _ \ \ \ \
( ( )\___ | '_ | '_| | '_ \/ _` | \ \ \ \
 \\/  ___)| |_)| | | | | || (_| |  ) ) ) )
  '  |____| .__|_| |_|_| |_\__, | / / / /
 =========|_|==============|___/=/_/_/_/
 :: Spring Boot ::        (v2.2.1.RELEASE)

2019-12-16 12:23:01.603  INFO 8604 --- [    Test worker] c.v.v.VideoControlApplicationTest        : Starting VideoControlApplicationTest on DESKTOP-Q9V7QP8 with PID 8604 (started by bagyoda in C:\dreamjobs\videocontrol)
2019-12-16 12:23:01.603  INFO 8604 --- [    Test worker] c.v.v.VideoControlApplicationTest        : No active profile set, falling back to default profiles: default
2019-12-16 12:23:02.181  INFO 8604 --- [    Test worker] .s.d.r.c.RepositoryConfigurationDelegate : Bootstrapping Spring Data repositories in DEFAULT mode.
2019-12-16 12:23:02.201  INFO 8604 --- [    Test worker] .s.d.r.c.RepositoryConfigurationDelegate : Finished Spring Data repository scanning in 10ms. Found 0 repository interfaces.
2019-12-16 12:23:02.471  INFO 8604 --- [    Test worker] trationDelegate$BeanPostProcessorChecker : Bean 'org.springframework.transaction.annotation.ProxyTransactionManagementConfiguration' of type [org.springframework.transaction.annotation.ProxyTransactionManagementConfiguration] is not eligible for getting processed by all BeanPostProcessors (for example: not eligible for auto-proxying)
2019-12-16 12:23:02.618  INFO 8604 --- [    Test worker] com.zaxxer.hikari.HikariDataSource       : HikariPool-1 - Starting...
2019-12-16 12:23:02.703  INFO 8604 --- [    Test worker] com.zaxxer.hikari.pool.PoolBase          : HikariPool-1 - Driver does not support get/set network timeout for connections. (Receiver class org.h2.jdbc.JdbcConnection does not define or inherit an implementation of the resolved method abstract getNetworkTimeout()I of interface java.sql.Connection.)
2019-12-16 12:23:02.703  INFO 8604 --- [    Test worker] com.zaxxer.hikari.HikariDataSource       : HikariPool-1 - Start completed.
2019-12-16 12:23:02.756  INFO 8604 --- [    Test worker] o.hibernate.jpa.internal.util.LogHelper  : HHH000204: Processing PersistenceUnitInfo [name: default]
2019-12-16 12:23:02.819  INFO 8604 --- [    Test worker] org.hibernate.Version                    : HHH000412: Hibernate Core {5.4.8.Final}
2019-12-16 12:23:02.934  INFO 8604 --- [    Test worker] o.hibernate.annotations.common.Version   : HCANN000001: Hibernate Commons Annotations {5.1.0.Final}
2019-12-16 12:23:03.041  INFO 8604 --- [    Test worker] org.hibernate.dialect.Dialect            : HHH000400: Using dialect: org.hibernate.dialect.H2Dialect
2019-12-16 12:23:03.235  INFO 8604 --- [    Test worker] o.h.e.t.j.p.i.JtaPlatformInitiator       : HHH000490: Using JtaPlatform implementation: [org.hibernate.engine.transaction.jta.platform.internal.NoJtaPlatform]
2019-12-16 12:23:03.241  INFO 8604 --- [    Test worker] j.LocalContainerEntityManagerFactoryBean : Initialized JPA EntityManagerFactory for persistence unit 'default'
2019-12-16 12:23:03.457  WARN 8604 --- [    Test worker] JpaBaseConfiguration$JpaWebConfiguration : spring.jpa.open-in-view is enabled by default. Therefore, database queries may be performed during view rendering. Explicitly configure spring.jpa.open-in-view to disable this warning
2019-12-16 12:23:03.657  INFO 8604 --- [    Test worker] o.s.s.concurrent.ThreadPoolTaskExecutor  : Initializing ExecutorService 'applicationTaskExecutor'
2019-12-16 12:23:03.974  INFO 8604 --- [    Test worker] c.v.v.VideoControlApplicationTest        : Started VideoControlApplicationTest in 2.596 seconds (JVM running for 3.771)
]]></system-out>
  <system-err><![CDATA[]]></system-err>
</testsuite>
